This is pdfTeX, Version 3.141592653-2.6-1.40.26 (TeX Live 2025/dev/Debian) (preloaded format=pdflatex 2026.6.12)  12 JUN 2026 09:58
entering extended mode
 restricted \write18 enabled.
 %&-line parsing enabled.
**main_ru.tex
(./main_ru.tex
LaTeX2e <2024-11-01> patch level 2
L3 programming layer <2025-01-18>
(/usr/share/texlive/texmf-dist/tex/latex/base/article.cls
Document Class: article 2024/06/29 v1.4n Standard LaTeX document class
(/usr/share/texlive/texmf-dist/tex/latex/base/size11.clo
File: size11.clo 2024/06/29 v1.4n Standard LaTeX file (size option)
)
\c@part=\count196
\c@section=\count197
\c@subsection=\count198
\c@subsubsection=\count199
\c@paragraph=\count266
\c@subparagraph=\count267
\c@figure=\count268
\c@table=\count269
\abovecaptionskip=\skip49
\belowcaptionskip=\skip50
\bibindent=\dimen141
)
(/usr/share/texlive/texmf-dist/tex/latex/base/inputenc.sty
Package: inputenc 2024/02/08 v1.3d Input encoding file
\inpenc@prehook=\toks17
\inpenc@posthook=\toks18
)
(/usr/share/texlive/texmf-dist/tex/latex/base/fontenc.sty
Package: fontenc 2021/04/29 v2.0v Standard LaTeX package

(/usr/share/texlive/texmf-dist/tex/latex/cyrillic/t2aenc.def
File: t2aenc.def 2023/11/07 v1.0k Cyrillic encoding definition file
Now handling font encoding T2A ...
... processing UTF-8 mapping file for font encoding T2A

(/usr/share/texlive/texmf-dist/tex/latex/base/t2aenc.dfu
File: t2aenc.dfu 2022/06/07 v1.3c UTF-8 support
   defining Unicode char U+00A4 (decimal 164)
   defining Unicode char U+00A7 (decimal 167)
   defining Unicode char U+00AB (decimal 171)
   defining Unicode char U+00BB (decimal 187)
   defining Unicode char U+0131 (decimal 305)
   defining Unicode char U+0237 (decimal 567)
   defining Unicode char U+0400 (decimal 1024)
   defining Unicode char U+0401 (decimal 1025)
   defining Unicode char U+0402 (decimal 1026)
   defining Unicode char U+0403 (decimal 1027)
   defining Unicode char U+0404 (decimal 1028)
   defining Unicode char U+0405 (decimal 1029)
   defining Unicode char U+0406 (decimal 1030)
   defining Unicode char U+0407 (decimal 1031)
   defining Unicode char U+0408 (decimal 1032)
   defining Unicode char U+0409 (decimal 1033)
   defining Unicode char U+040A (decimal 1034)
   defining Unicode char U+040B (decimal 1035)
   defining Unicode char U+040C (decimal 1036)
   defining Unicode char U+040D (decimal 1037)
   defining Unicode char U+040E (decimal 1038)
   defining Unicode char U+040F (decimal 1039)
   defining Unicode char U+0410 (decimal 1040)
   defining Unicode char U+0411 (decimal 1041)
   defining Unicode char U+0412 (decimal 1042)
   defining Unicode char U+0413 (decimal 1043)
   defining Unicode char U+0414 (decimal 1044)
   defining Unicode char U+0415 (decimal 1045)
   defining Unicode char U+0416 (decimal 1046)
   defining Unicode char U+0417 (decimal 1047)
   defining Unicode char U+0418 (decimal 1048)
   defining Unicode char U+0419 (decimal 1049)
   defining Unicode char U+041A (decimal 1050)
   defining Unicode char U+041B (decimal 1051)
   defining Unicode char U+041C (decimal 1052)
   defining Unicode char U+041D (decimal 1053)
   defining Unicode char U+041E (decimal 1054)
   defining Unicode char U+041F (decimal 1055)
   defining Unicode char U+0420 (decimal 1056)
   defining Unicode char U+0421 (decimal 1057)
   defining Unicode char U+0422 (decimal 1058)
   defining Unicode char U+0423 (decimal 1059)
   defining Unicode char U+0424 (decimal 1060)
   defining Unicode char U+0425 (decimal 1061)
   defining Unicode char U+0426 (decimal 1062)
   defining Unicode char U+0427 (decimal 1063)
   defining Unicode char U+0428 (decimal 1064)
   defining Unicode char U+0429 (decimal 1065)
   defining Unicode char U+042A (decimal 1066)
   defining Unicode char U+042B (decimal 1067)
   defining Unicode char U+042C (decimal 1068)
   defining Unicode char U+042D (decimal 1069)
   defining Unicode char U+042E (decimal 1070)
   defining Unicode char U+042F (decimal 1071)
   defining Unicode char U+0430 (decimal 1072)
   defining Unicode char U+0431 (decimal 1073)
   defining Unicode char U+0432 (decimal 1074)
   defining Unicode char U+0433 (decimal 1075)
   defining Unicode char U+0434 (decimal 1076)
   defining Unicode char U+0435 (decimal 1077)
   defining Unicode char U+0436 (decimal 1078)
   defining Unicode char U+0437 (decimal 1079)
   defining Unicode char U+0438 (decimal 1080)
   defining Unicode char U+0439 (decimal 1081)
   defining Unicode char U+043A (decimal 1082)
   defining Unicode char U+043B (decimal 1083)
   defining Unicode char U+043C (decimal 1084)
   defining Unicode char U+043D (decimal 1085)
   defining Unicode char U+043E (decimal 1086)
   defining Unicode char U+043F (decimal 1087)
   defining Unicode char U+0440 (decimal 1088)
   defining Unicode char U+0441 (decimal 1089)
   defining Unicode char U+0442 (decimal 1090)
   defining Unicode char U+0443 (decimal 1091)
   defining Unicode char U+0444 (decimal 1092)
   defining Unicode char U+0445 (decimal 1093)
   defining Unicode char U+0446 (decimal 1094)
   defining Unicode char U+0447 (decimal 1095)
   defining Unicode char U+0448 (decimal 1096)
   defining Unicode char U+0449 (decimal 1097)
   defining Unicode char U+044A (decimal 1098)
   defining Unicode char U+044B (decimal 1099)
   defining Unicode char U+044C (decimal 1100)
   defining Unicode char U+044D (decimal 1101)
   defining Unicode char U+044E (decimal 1102)
   defining Unicode char U+044F (decimal 1103)
   defining Unicode char U+0450 (decimal 1104)
   defining Unicode char U+0451 (decimal 1105)
   defining Unicode char U+0452 (decimal 1106)
   defining Unicode char U+0453 (decimal 1107)
   defining Unicode char U+0454 (decimal 1108)
   defining Unicode char U+0455 (decimal 1109)
   defining Unicode char U+0456 (decimal 1110)
   defining Unicode char U+0457 (decimal 1111)
   defining Unicode char U+0458 (decimal 1112)
   defining Unicode char U+0459 (decimal 1113)
   defining Unicode char U+045A (decimal 1114)
   defining Unicode char U+045B (decimal 1115)
   defining Unicode char U+045C (decimal 1116)
   defining Unicode char U+045D (decimal 1117)
   defining Unicode char U+045E (decimal 1118)
   defining Unicode char U+045F (decimal 1119)
   defining Unicode char U+0490 (decimal 1168)
   defining Unicode char U+0491 (decimal 1169)
   defining Unicode char U+0492 (decimal 1170)
   defining Unicode char U+0493 (decimal 1171)
   defining Unicode char U+0496 (decimal 1174)
   defining Unicode char U+0497 (decimal 1175)
   defining Unicode char U+0498 (decimal 1176)
   defining Unicode char U+0499 (decimal 1177)
   defining Unicode char U+049A (decimal 1178)
   defining Unicode char U+049B (decimal 1179)
   defining Unicode char U+049C (decimal 1180)
   defining Unicode char U+049D (decimal 1181)
   defining Unicode char U+04A0 (decimal 1184)
   defining Unicode char U+04A1 (decimal 1185)
   defining Unicode char U+04A2 (decimal 1186)
   defining Unicode char U+04A3 (decimal 1187)
   defining Unicode char U+04A4 (decimal 1188)
   defining Unicode char U+04A5 (decimal 1189)
   defining Unicode char U+04AA (decimal 1194)
   defining Unicode char U+04AB (decimal 1195)
   defining Unicode char U+04AE (decimal 1198)
   defining Unicode char U+04AF (decimal 1199)
   defining Unicode char U+04B0 (decimal 1200)
   defining Unicode char U+04B1 (decimal 1201)
   defining Unicode char U+04B2 (decimal 1202)
   defining Unicode char U+04B3 (decimal 1203)
   defining Unicode char U+04B6 (decimal 1206)
   defining Unicode char U+04B7 (decimal 1207)
   defining Unicode char U+04B8 (decimal 1208)
   defining Unicode char U+04B9 (decimal 1209)
   defining Unicode char U+04BA (decimal 1210)
   defining Unicode char U+04BB (decimal 1211)
   defining Unicode char U+04C0 (decimal 1216)
   defining Unicode char U+04C1 (decimal 1217)
   defining Unicode char U+04C2 (decimal 1218)
   defining Unicode char U+04D0 (decimal 1232)
   defining Unicode char U+04D1 (decimal 1233)
   defining Unicode char U+04D2 (decimal 1234)
   defining Unicode char U+04D3 (decimal 1235)
   defining Unicode char U+04D4 (decimal 1236)
   defining Unicode char U+04D5 (decimal 1237)
   defining Unicode char U+04D6 (decimal 1238)
   defining Unicode char U+04D7 (decimal 1239)
   defining Unicode char U+04D8 (decimal 1240)
   defining Unicode char U+04D9 (decimal 1241)
   defining Unicode char U+04DA (decimal 1242)
   defining Unicode char U+04DB (decimal 1243)
   defining Unicode char U+04DC (decimal 1244)
   defining Unicode char U+04DD (decimal 1245)
   defining Unicode char U+04DE (decimal 1246)
   defining Unicode char U+04DF (decimal 1247)
   defining Unicode char U+04E2 (decimal 1250)
   defining Unicode char U+04E3 (decimal 1251)
   defining Unicode char U+04E4 (decimal 1252)
   defining Unicode char U+04E5 (decimal 1253)
   defining Unicode char U+04E6 (decimal 1254)
   defining Unicode char U+04E7 (decimal 1255)
   defining Unicode char U+04E8 (decimal 1256)
   defining Unicode char U+04E9 (decimal 1257)
   defining Unicode char U+04EC (decimal 1260)
   defining Unicode char U+04ED (decimal 1261)
   defining Unicode char U+04EE (decimal 1262)
   defining Unicode char U+04EF (decimal 1263)
   defining Unicode char U+04F0 (decimal 1264)
   defining Unicode char U+04F1 (decimal 1265)
   defining Unicode char U+04F2 (decimal 1266)
   defining Unicode char U+04F3 (decimal 1267)
   defining Unicode char U+04F4 (decimal 1268)
   defining Unicode char U+04F5 (decimal 1269)
   defining Unicode char U+04F8 (decimal 1272)
   defining Unicode char U+04F9 (decimal 1273)
   defining Unicode char U+200C (decimal 8204)
   defining Unicode char U+2013 (decimal 8211)
   defining Unicode char U+2014 (decimal 8212)
   defining Unicode char U+2018 (decimal 8216)
   defining Unicode char U+2019 (decimal 8217)
   defining Unicode char U+201C (decimal 8220)
   defining Unicode char U+201D (decimal 8221)
   defining Unicode char U+201E (decimal 8222)
   defining Unicode char U+2030 (decimal 8240)
   defining Unicode char U+2031 (decimal 8241)
   defining Unicode char U+2116 (decimal 8470)
   defining Unicode char U+2329 (decimal 9001)
   defining Unicode char U+3008 (decimal 12296)
   defining Unicode char U+232A (decimal 9002)
   defining Unicode char U+3009 (decimal 12297)
   defining Unicode char U+2423 (decimal 9251)
   defining Unicode char U+27E8 (decimal 10216)
   defining Unicode char U+27E9 (decimal 10217)
   defining Unicode char U+FB00 (decimal 64256)
   defining Unicode char U+FB01 (decimal 64257)
   defining Unicode char U+FB02 (decimal 64258)
   defining Unicode char U+FB03 (decimal 64259)
   defining Unicode char U+FB04 (decimal 64260)
   defining Unicode char U+FB05 (decimal 64261)
   defining Unicode char U+FB06 (decimal 64262)
))
LaTeX Font Info:    Trying to load font information for T2A+cmr on input line 1
16.

(/usr/share/texlive/texmf-dist/tex/latex/cyrillic/t2acmr.fd
File: t2acmr.fd 2001/08/11 v1.0a Computer Modern Cyrillic font definitions
))
(/usr/share/texlive/texmf-dist/tex/generic/babel/babel.sty
Package: babel 2025/02/14 v25.4 The multilingual framework for pdfLaTeX, LuaLaT
eX and XeLaTeX
\babel@savecnt=\count270
\U@D=\dimen142
\l@unhyphenated=\language12

(/usr/share/texlive/texmf-dist/tex/generic/babel/txtbabel.def)
\bbl@readstream=\read2
\bbl@dirlevel=\count271

(/usr/share/texlive/texmf-dist/tex/generic/babel-russian/russianb.ldf
File: russianb.ldf 2021/01/10 1.3m Russian support for the Babel system
Language: russian 2020/09/09 1.3k Russian support for the Babel system
Package babel Info: Making " an active character on input line 124.
Package babel Info: Default for \cyrdash is provided on input line 163.
))
(/usr/share/texlive/texmf-dist/tex/generic/babel/locale/ru/babel-russian.tex
Package babel Info: Importing font and identification data for russian
(babel)             from babel-ru.ini. Reported on input line 11.
)
(/usr/share/texmf/tex/latex/lm/lmodern.sty
Package: lmodern 2015/05/01 v1.6.1 Latin Modern Fonts
LaTeX Font Info:    Overwriting symbol font `operators' in version `normal'
(Font)                  OT1/cmr/m/n --> OT1/lmr/m/n on input line 22.
LaTeX Font Info:    Overwriting symbol font `letters' in version `normal'
(Font)                  OML/cmm/m/it --> OML/lmm/m/it on input line 23.
LaTeX Font Info:    Overwriting symbol font `symbols' in version `normal'
(Font)                  OMS/cmsy/m/n --> OMS/lmsy/m/n on input line 24.
LaTeX Font Info:    Overwriting symbol font `largesymbols' in version `normal'
(Font)                  OMX/cmex/m/n --> OMX/lmex/m/n on input line 25.
LaTeX Font Info:    Overwriting symbol font `operators' in version `bold'
(Font)                  OT1/cmr/bx/n --> OT1/lmr/bx/n on input line 26.
LaTeX Font Info:    Overwriting symbol font `letters' in version `bold'
(Font)                  OML/cmm/b/it --> OML/lmm/b/it on input line 27.
LaTeX Font Info:    Overwriting symbol font `symbols' in version `bold'
(Font)                  OMS/cmsy/b/n --> OMS/lmsy/b/n on input line 28.
LaTeX Font Info:    Overwriting symbol font `largesymbols' in version `bold'
(Font)                  OMX/cmex/m/n --> OMX/lmex/m/n on input line 29.
LaTeX Font Info:    Overwriting math alphabet `\mathbf' in version `normal'
(Font)                  OT1/cmr/bx/n --> OT1/lmr/bx/n on input line 31.
LaTeX Font Info:    Overwriting math alphabet `\mathsf' in version `normal'
(Font)                  OT1/cmss/m/n --> OT1/lmss/m/n on input line 32.
LaTeX Font Info:    Overwriting math alphabet `\mathit' in version `normal'
(Font)                  OT1/cmr/m/it --> OT1/lmr/m/it on input line 33.
LaTeX Font Info:    Overwriting math alphabet `\mathtt' in version `normal'
(Font)                  OT1/cmtt/m/n --> OT1/lmtt/m/n on input line 34.
LaTeX Font Info:    Overwriting math alphabet `\mathbf' in version `bold'
(Font)                  OT1/cmr/bx/n --> OT1/lmr/bx/n on input line 35.
LaTeX Font Info:    Overwriting math alphabet `\mathsf' in version `bold'
(Font)                  OT1/cmss/bx/n --> OT1/lmss/bx/n on input line 36.
LaTeX Font Info:    Overwriting math alphabet `\mathit' in version `bold'
(Font)                  OT1/cmr/bx/it --> OT1/lmr/bx/it on input line 37.
LaTeX Font Info:    Overwriting math alphabet `\mathtt' in version `bold'
(Font)                  OT1/cmtt/m/n --> OT1/lmtt/m/n on input line 38.
)
(/usr/share/texlive/texmf-dist/tex/latex/geometry/geometry.sty
Package: geometry 2020/01/02 v5.9 Page Geometry

(/usr/share/texlive/texmf-dist/tex/latex/graphics/keyval.sty
Package: keyval 2022/05/29 v1.15 key=value parser (DPC)
\KV@toks@=\toks19
)
(/usr/share/texlive/texmf-dist/tex/generic/iftex/ifvtex.sty
Package: ifvtex 2019/10/25 v1.7 ifvtex legacy package. Use iftex instead.

(/usr/share/texlive/texmf-dist/tex/generic/iftex/iftex.sty
Package: iftex 2024/12/12 v1.0g TeX engine tests
))
\Gm@cnth=\count272
\Gm@cntv=\count273
\c@Gm@tempcnt=\count274
\Gm@bindingoffset=\dimen143
\Gm@wd@mp=\dimen144
\Gm@odd@mp=\dimen145
\Gm@even@mp=\dimen146
\Gm@layoutwidth=\dimen147
\Gm@layoutheight=\dimen148
\Gm@layouthoffset=\dimen149
\Gm@layoutvoffset=\dimen150
\Gm@dimlist=\toks20
)
(/usr/share/texlive/texmf-dist/tex/latex/amsmath/amsmath.sty
Package: amsmath 2024/11/05 v2.17t AMS math features
\@mathmargin=\skip51

For additional information on amsmath, use the `?' option.
(/usr/share/texlive/texmf-dist/tex/latex/amsmath/amstext.sty
Package: amstext 2021/08/26 v2.01 AMS text

(/usr/share/texlive/texmf-dist/tex/latex/amsmath/amsgen.sty
File: amsgen.sty 1999/11/30 v2.0 generic functions
\@emptytoks=\toks21
\ex@=\dimen151
))
(/usr/share/texlive/texmf-dist/tex/latex/amsmath/amsbsy.sty
Package: amsbsy 1999/11/29 v1.2d Bold Symbols
\pmbraise@=\dimen152
)
(/usr/share/texlive/texmf-dist/tex/latex/amsmath/amsopn.sty
Package: amsopn 2022/04/08 v2.04 operator names
)
\inf@bad=\count275
LaTeX Info: Redefining \frac on input line 233.
\uproot@=\count276
\leftroot@=\count277
LaTeX Info: Redefining \overline on input line 398.
LaTeX Info: Redefining \colon on input line 409.
\classnum@=\count278
\DOTSCASE@=\count279
LaTeX Info: Redefining \ldots on input line 495.
LaTeX Info: Redefining \dots on input line 498.
LaTeX Info: Redefining \cdots on input line 619.
\Mathstrutbox@=\box52
\strutbox@=\box53
LaTeX Info: Redefining \big on input line 721.
LaTeX Info: Redefining \Big on input line 722.
LaTeX Info: Redefining \bigg on input line 723.
LaTeX Info: Redefining \Bigg on input line 724.
\big@size=\dimen153
LaTeX Font Info:    Redeclaring font encoding OML on input line 742.
LaTeX Font Info:    Redeclaring font encoding OMS on input line 743.
\macc@depth=\count280
LaTeX Info: Redefining \bmod on input line 904.
LaTeX Info: Redefining \pmod on input line 909.
LaTeX Info: Redefining \smash on input line 939.
LaTeX Info: Redefining \relbar on input line 969.
LaTeX Info: Redefining \Relbar on input line 970.
\c@MaxMatrixCols=\count281
\dotsspace@=\muskip17
\c@parentequation=\count282
\dspbrk@lvl=\count283
\tag@help=\toks22
\row@=\count284
\column@=\count285
\maxfields@=\count286
\andhelp@=\toks23
\eqnshift@=\dimen154
\alignsep@=\dimen155
\tagshift@=\dimen156
\tagwidth@=\dimen157
\totwidth@=\dimen158
\lineht@=\dimen159
\@envbody=\toks24
\multlinegap=\skip52
\multlinetaggap=\skip53
\mathdisplay@stack=\toks25
LaTeX Info: Redefining \[ on input line 2953.
LaTeX Info: Redefining \] on input line 2954.
)
(/usr/share/texlive/texmf-dist/tex/latex/amsfonts/amssymb.sty
Package: amssymb 2013/01/14 v3.01 AMS font symbols

(/usr/share/texlive/texmf-dist/tex/latex/amsfonts/amsfonts.sty
Package: amsfonts 2013/01/14 v3.01 Basic AMSFonts support
\symAMSa=\mathgroup4
\symAMSb=\mathgroup5
LaTeX Font Info:    Redeclaring math symbol \hbar on input line 98.
LaTeX Font Info:    Overwriting math alphabet `\mathfrak' in version `bold'
(Font)                  U/euf/m/n --> U/euf/b/n on input line 106.
))
(/usr/share/texlive/texmf-dist/tex/latex/amscls/amsthm.sty
Package: amsthm 2020/05/29 v2.20.6
\thm@style=\toks26
\thm@bodyfont=\toks27
\thm@headfont=\toks28
\thm@notefont=\toks29
\thm@headpunct=\toks30
\thm@preskip=\skip54
\thm@postskip=\skip55
\thm@headsep=\skip56
\dth@everypar=\toks31
)
(/usr/share/texlive/texmf-dist/tex/latex/microtype/microtype.sty
Package: microtype 2025/02/11 v3.2a Micro-typographical refinements (RS)

(/usr/share/texlive/texmf-dist/tex/latex/etoolbox/etoolbox.sty
Package: etoolbox 2025/02/11 v2.5l e-TeX tools for LaTeX (JAW)
\etb@tempcnta=\count287
)
\MT@toks=\toks32
\MT@tempbox=\box54
\MT@count=\count288
LaTeX Info: Redefining \noprotrusionifhmode on input line 1087.
LaTeX Info: Redefining \leftprotrusion on input line 1088.
\MT@prot@toks=\toks33
LaTeX Info: Redefining \rightprotrusion on input line 1107.
LaTeX Info: Redefining \textls on input line 1449.
\MT@outer@kern=\dimen160
LaTeX Info: Redefining \microtypecontext on input line 2053.
LaTeX Info: Redefining \textmicrotypecontext on input line 2070.
\MT@listname@count=\count289

(/usr/share/texlive/texmf-dist/tex/latex/microtype/microtype-pdftex.def
File: microtype-pdftex.def 2025/02/11 v3.2a Definitions specific to pdftex (RS)

LaTeX Info: Redefining \lsstyle on input line 944.
LaTeX Info: Redefining \lslig on input line 944.
\MT@outer@space=\skip57
)
Package microtype Info: Loading configuration file microtype.cfg.

(/usr/share/texlive/texmf-dist/tex/latex/microtype/microtype.cfg
File: microtype.cfg 2025/02/11 v3.2a microtype main configuration file (RS)
)
LaTeX Info: Redefining \microtypesetup on input line 3065.
)
(/usr/share/texlive/texmf-dist/tex/latex/hyphenat/hyphenat.sty
Package: hyphenat 2009/09/02 v2.3c hyphenation utilities


Package hyphenat Warning: *******************************
(hyphenat)                * You have used the htt option.
(hyphenat)                * You are likely to get many Font Warning messages.
(hyphenat)                * These can usually be ignored.
(hyphenat)                *******************************.

\langwohyphens=\language13
LaTeX Info: Redefining \_ on input line 43.
) (/usr/share/texlive/texmf-dist/tex/latex/booktabs/booktabs.sty
Package: booktabs 2020/01/12 v1.61803398 Publication quality tables
\heavyrulewidth=\dimen161
\lightrulewidth=\dimen162
\cmidrulewidth=\dimen163
\belowrulesep=\dimen164
\belowbottomsep=\dimen165
\aboverulesep=\dimen166
\abovetopsep=\dimen167
\cmidrulesep=\dimen168
\cmidrulekern=\dimen169
\defaultaddspace=\dimen170
\@cmidla=\count290
\@cmidlb=\count291
\@aboverulesep=\dimen171
\@belowrulesep=\dimen172
\@thisruleclass=\count292
\@lastruleclass=\count293
\@thisrulewidth=\dimen173
)
(/usr/share/texlive/texmf-dist/tex/latex/tools/array.sty
Package: array 2024/10/17 v2.6g Tabular extension package (FMi)
\col@sep=\dimen174
\ar@mcellbox=\box55
\extrarowheight=\dimen175
\NC@list=\toks34
\extratabsurround=\skip58
\backup@length=\skip59
\ar@cellbox=\box56
)
(/usr/share/texlive/texmf-dist/tex/latex/tools/tabularx.sty
Package: tabularx 2023/12/11 v2.12a `tabularx' package (DPC)
\TX@col@width=\dimen176
\TX@old@table=\dimen177
\TX@old@col=\dimen178
\TX@target=\dimen179
\TX@delta=\dimen180
\TX@cols=\count294
\TX@ftn=\toks35
)
(/usr/share/texlive/texmf-dist/tex/latex/enumitem/enumitem.sty
Package: enumitem 2025/02/06 v3.11 Customized lists
\labelindent=\skip60
\enit@outerparindent=\dimen181
\enit@toks=\toks36
\enit@inbox=\box57
\enit@count@id=\count295
\enitdp@description=\count296
)
(/usr/share/texlive/texmf-dist/tex/latex/hyperref/hyperref.sty
Package: hyperref 2024-11-05 v7.01l Hypertext links for LaTeX

(/usr/share/texlive/texmf-dist/tex/latex/kvsetkeys/kvsetkeys.sty
Package: kvsetkeys 2022-10-05 v1.19 Key value parser (HO)
)
(/usr/share/texlive/texmf-dist/tex/generic/kvdefinekeys/kvdefinekeys.sty
Package: kvdefinekeys 2019-12-19 v1.6 Define keys (HO)
)
(/usr/share/texlive/texmf-dist/tex/generic/pdfescape/pdfescape.sty
Package: pdfescape 2019/12/09 v1.15 Implements pdfTeX's escape features (HO)

(/usr/share/texlive/texmf-dist/tex/generic/ltxcmds/ltxcmds.sty
Package: ltxcmds 2023-12-04 v1.26 LaTeX kernel commands for general use (HO)
)
(/usr/share/texlive/texmf-dist/tex/generic/pdftexcmds/pdftexcmds.sty
Package: pdftexcmds 2020-06-27 v0.33 Utility functions of pdfTeX for LuaTeX (HO
)

(/usr/share/texlive/texmf-dist/tex/generic/infwarerr/infwarerr.sty
Package: infwarerr 2019/12/03 v1.5 Providing info/warning/error messages (HO)
)
Package pdftexcmds Info: \pdf@primitive is available.
Package pdftexcmds Info: \pdf@ifprimitive is available.
Package pdftexcmds Info: \pdfdraftmode found.
))
(/usr/share/texlive/texmf-dist/tex/latex/hycolor/hycolor.sty
Package: hycolor 2020-01-27 v1.10 Color options for hyperref/bookmark (HO)
)
(/usr/share/texlive/texmf-dist/tex/latex/hyperref/nameref.sty
Package: nameref 2023-11-26 v2.56 Cross-referencing by name of section

(/usr/share/texlive/texmf-dist/tex/latex/refcount/refcount.sty
Package: refcount 2019/12/15 v3.6 Data extraction from label references (HO)
)
(/usr/share/texlive/texmf-dist/tex/generic/gettitlestring/gettitlestring.sty
Package: gettitlestring 2019/12/15 v1.6 Cleanup title references (HO)

(/usr/share/texlive/texmf-dist/tex/latex/kvoptions/kvoptions.sty
Package: kvoptions 2022-06-15 v3.15 Key value format for package options (HO)
))
\c@section@level=\count297
)
(/usr/share/texlive/texmf-dist/tex/generic/stringenc/stringenc.sty
Package: stringenc 2019/11/29 v1.12 Convert strings between diff. encodings (HO
)
)
\@linkdim=\dimen182
\Hy@linkcounter=\count298
\Hy@pagecounter=\count299

(/usr/share/texlive/texmf-dist/tex/latex/hyperref/pd1enc.def
File: pd1enc.def 2024-11-05 v7.01l Hyperref: PDFDocEncoding definition (HO)
Now handling font encoding PD1 ...
... no UTF-8 mapping file for font encoding PD1
)
(/usr/share/texlive/texmf-dist/tex/generic/intcalc/intcalc.sty
Package: intcalc 2019/12/15 v1.3 Expandable calculations with integers (HO)
)
\Hy@SavedSpaceFactor=\count300

(/usr/share/texlive/texmf-dist/tex/latex/hyperref/puenc.def
File: puenc.def 2024-11-05 v7.01l Hyperref: PDF Unicode definition (HO)
Now handling font encoding PU ...
... no UTF-8 mapping file for font encoding PU
)
Package hyperref Info: Option `unicode' set `true' on input line 3143.
Package hyperref Info: Hyper figures OFF on input line 4157.
Package hyperref Info: Link nesting OFF on input line 4162.
Package hyperref Info: Hyper index ON on input line 4165.
Package hyperref Info: Plain pages OFF on input line 4172.
Package hyperref Info: Backreferencing OFF on input line 4177.
Package hyperref Info: Implicit mode ON; LaTeX internals redefined.
Package hyperref Info: Bookmarks ON on input line 4424.
\c@Hy@tempcnt=\count301

(/usr/share/texlive/texmf-dist/tex/latex/url/url.sty
\Urlmuskip=\muskip18
Package: url 2013/09/16  ver 3.4  Verb mode for urls, etc.
)
LaTeX Info: Redefining \url on input line 4763.
\XeTeXLinkMargin=\dimen183

(/usr/share/texlive/texmf-dist/tex/generic/bitset/bitset.sty
Package: bitset 2019/12/09 v1.3 Handle bit-vector datatype (HO)

(/usr/share/texlive/texmf-dist/tex/generic/bigintcalc/bigintcalc.sty
Package: bigintcalc 2019/12/15 v1.5 Expandable calculations on big integers (HO
)
))
\Fld@menulength=\count302
\Field@Width=\dimen184
\Fld@charsize=\dimen185
Package hyperref Info: Hyper figures OFF on input line 6042.
Package hyperref Info: Link nesting OFF on input line 6047.
Package hyperref Info: Hyper index ON on input line 6050.
Package hyperref Info: backreferencing OFF on input line 6057.
Package hyperref Info: Link coloring OFF on input line 6062.
Package hyperref Info: Link coloring with OCG OFF on input line 6067.
Package hyperref Info: PDF/A mode OFF on input line 6072.

(/usr/share/texlive/texmf-dist/tex/latex/base/atbegshi-ltx.sty
Package: atbegshi-ltx 2021/01/10 v1.0c Emulation of the original atbegshi
package with kernel methods
)
\Hy@abspage=\count303
\c@Item=\count304
\c@Hfootnote=\count305
)
Package hyperref Info: Driver (autodetected): hpdftex.

(/usr/share/texlive/texmf-dist/tex/latex/hyperref/hpdftex.def
File: hpdftex.def 2024-11-05 v7.01l Hyperref driver for pdfTeX

(/usr/share/texlive/texmf-dist/tex/latex/base/atveryend-ltx.sty
Package: atveryend-ltx 2020/08/19 v1.0a Emulation of the original atveryend pac
kage
with kernel methods
)
\Fld@listcount=\count306
\c@bookmark@seq@number=\count307

(/usr/share/texlive/texmf-dist/tex/latex/rerunfilecheck/rerunfilecheck.sty
Package: rerunfilecheck 2022-07-10 v1.10 Rerun checks for auxiliary files (HO)

(/usr/share/texlive/texmf-dist/tex/generic/uniquecounter/uniquecounter.sty
Package: uniquecounter 2019/12/15 v1.4 Provide unlimited unique counter (HO)
)
Package uniquecounter Info: New unique counter `rerunfilecheck' on input line 2
85.
)
\Hy@SectionHShift=\skip61
)
(/usr/share/texlive/texmf-dist/tex/latex/xcolor/xcolor.sty
Package: xcolor 2024/09/29 v3.02 LaTeX color extensions (UK)

(/usr/share/texlive/texmf-dist/tex/latex/graphics-cfg/color.cfg
File: color.cfg 2016/01/02 v1.6 sample color configuration
)
Package xcolor Info: Driver file: pdftex.def on input line 274.

(/usr/share/texlive/texmf-dist/tex/latex/graphics-def/pdftex.def
File: pdftex.def 2024/04/13 v1.2c Graphics/color driver for pdftex
)
(/usr/share/texlive/texmf-dist/tex/latex/graphics/mathcolor.ltx)
Package xcolor Info: Model `cmy' substituted by `cmy0' on input line 1349.
Package xcolor Info: Model `hsb' substituted by `rgb' on input line 1353.
Package xcolor Info: Model `RGB' extended on input line 1365.
Package xcolor Info: Model `HTML' substituted by `rgb' on input line 1367.
Package xcolor Info: Model `Hsb' substituted by `hsb' on input line 1368.
Package xcolor Info: Model `tHsb' substituted by `hsb' on input line 1369.
Package xcolor Info: Model `HSB' substituted by `hsb' on input line 1370.
Package xcolor Info: Model `Gray' substituted by `gray' on input line 1371.
Package xcolor Info: Model `wave' substituted by `hsb' on input line 1372.
)
(/usr/share/texlive/texmf-dist/tex/latex/listings/listings.sty
\lst@mode=\count308
\lst@gtempboxa=\box58
\lst@token=\toks37
\lst@length=\count309
\lst@currlwidth=\dimen186
\lst@column=\count310
\lst@pos=\count311
\lst@lostspace=\dimen187
\lst@width=\dimen188
\lst@newlines=\count312
\lst@lineno=\count313
\lst@maxwidth=\dimen189

(/usr/share/texlive/texmf-dist/tex/latex/listings/lstpatch.sty
File: lstpatch.sty 2024/09/23 1.10c (Carsten Heinz)
)
(/usr/share/texlive/texmf-dist/tex/latex/listings/lstmisc.sty
File: lstmisc.sty 2024/09/23 1.10c (Carsten Heinz)
\c@lstnumber=\count314
\lst@skipnumbers=\count315
\lst@framebox=\box59
)
(/usr/share/texlive/texmf-dist/tex/latex/listings/listings.cfg
File: listings.cfg 2024/09/23 1.10c listings configuration
))
Package: listings 2024/09/23 1.10c (Carsten Heinz)
\c@proposition=\count316
\c@theorem=\count317
\c@corollary=\count318
LaTeX Font Info:    Trying to load font information for T2A+lmr on input line 5
5.
LaTeX Font Info:    No file T2Almr.fd. on input line 55.


LaTeX Font Warning: Font shape `T2A/lmr/m/n' undefined
(Font)              using `T2A/cmr/m/n' instead on input line 55.

(/usr/share/texlive/texmf-dist/tex/latex/l3backend/l3backend-pdftex.def
File: l3backend-pdftex.def 2024-05-08 L3 backend support: PDF output (pdfTeX)
\l__color_backend_stack_int=\count319
\l__pdf_internal_box=\box60
)
(./main_ru.aux)
\openout1 = `main_ru.aux'.

LaTeX Font Info:    Checking defaults for OML/cmm/m/it on input line 55.
LaTeX Font Info:    ... okay on input line 55.
LaTeX Font Info:    Checking defaults for OMS/cmsy/m/n on input line 55.
LaTeX Font Info:    ... okay on input line 55.
LaTeX Font Info:    Checking defaults for OT1/cmr/m/n on input line 55.
LaTeX Font Info:    ... okay on input line 55.
LaTeX Font Info:    Checking defaults for T1/cmr/m/n on input line 55.
LaTeX Font Info:    ... okay on input line 55.
LaTeX Font Info:    Checking defaults for TS1/cmr/m/n on input line 55.
LaTeX Font Info:    ... okay on input line 55.
LaTeX Font Info:    Checking defaults for OMX/cmex/m/n on input line 55.
LaTeX Font Info:    ... okay on input line 55.
LaTeX Font Info:    Checking defaults for U/cmr/m/n on input line 55.
LaTeX Font Info:    ... okay on input line 55.
LaTeX Font Info:    Checking defaults for T2A/cmr/m/n on input line 55.
LaTeX Font Info:    ... okay on input line 55.
LaTeX Font Info:    Checking defaults for PD1/pdf/m/n on input line 55.
LaTeX Font Info:    ... okay on input line 55.
LaTeX Font Info:    Checking defaults for PU/pdf/m/n on input line 55.
LaTeX Font Info:    ... okay on input line 55.
LaTeX Info: Redefining \th on input line 55.

*geometry* driver: auto-detecting
*geometry* detected driver: pdftex
*geometry* verbose mode - [ preamble ] result:
* driver: pdftex
* paper: a4paper
* layout: <same size as paper>
* layoutoffset:(h,v)=(0.0pt,0.0pt)
* modes: 
* h-part:(L,W,R)=(71.13188pt, 455.24411pt, 71.13188pt)
* v-part:(T,H,B)=(71.13188pt, 702.78308pt, 71.13188pt)
* \paperwidth=597.50787pt
* \paperheight=845.04684pt
* \textwidth=455.24411pt
* \textheight=702.78308pt
* \oddsidemargin=-1.1381pt
* \evensidemargin=-1.1381pt
* \topmargin=-38.1381pt
* \headheight=12.0pt
* \headsep=25.0pt
* \topskip=11.0pt
* \footskip=30.0pt
* \marginparwidth=50.0pt
* \marginparsep=10.0pt
* \columnsep=10.0pt
* \skip\footins=10.0pt plus 4.0pt minus 2.0pt
* \hoffset=0.0pt
* \voffset=0.0pt
* \mag=1000
* \@twocolumnfalse
* \@twosidefalse
* \@mparswitchfalse
* \@reversemarginfalse
* (1in=72.27pt=25.4mm, 1cm=28.453pt)

LaTeX Info: Redefining \microtypecontext on input line 55.
Package microtype Info: Applying patch `item' on input line 55.
Package microtype Info: Applying patch `toc' on input line 55.
Package microtype Info: Applying patch `eqnum' on input line 55.
Package microtype Info: Applying patch `footnote' on input line 55.
Package microtype Info: Applying patch `verbatim' on input line 55.
LaTeX Info: Redefining \microtypesetup on input line 55.
Package microtype Info: Generating PDF output.
Package microtype Info: Character protrusion enabled (level 2).
Package microtype Info: Using default protrusion set `alltext'.
Package microtype Info: No font expansion.
Package microtype Info: No adjustment of tracking.
Package microtype Info: No adjustment of interword spacing.
Package microtype Info: No adjustment of character kerning.
(/usr/share/texlive/texmf-dist/tex/latex/microtype/mt-cmr.cfg
File: mt-cmr.cfg 2013/05/19 v2.2 microtype config. file: Computer Modern Roman 
(RS)
)
LaTeX Font Info:    Trying to load font information for T2A+lmtt on input line 
55.
LaTeX Font Info:    No file T2Almtt.fd. on input line 55.


LaTeX Font Warning: Font shape `T2A/lmtt/m/n' undefined
(Font)              using `T2A/cmr/m/n' instead on input line 55.


LaTeX Font Warning: Font shape `T2A/lmtt/m/it' undefined
(Font)              using `T2A/lmtt/m/n' instead on input line 55.

Package microtype Info: Loading generic protrusion settings for font family
(microtype)             `lmtt' (encoding: T2A).
(microtype)             For optimal results, create family-specific settings.
(microtype)             See the microtype manual for details.

LaTeX Font Warning: Font shape `T2A/lmtt/m/sl' undefined
(Font)              using `T2A/lmtt/m/it' instead on input line 55.


LaTeX Font Warning: Font shape `T2A/lmtt/m/scit' undefined
(Font)              using `T2A/lmtt/m/sc' instead on input line 55.


LaTeX Font Warning: Font shape `T2A/lmtt/m/sc' undefined
(Font)              using `T2A/lmtt/m/n' instead on input line 55.


LaTeX Font Warning: Font shape `T2A/lmtt/b/n' undefined
(Font)              using `T2A/lmtt/m/n' instead on input line 55.


LaTeX Font Warning: Font shape `T2A/lmtt/b/it' undefined
(Font)              using `T2A/lmtt/b/n' instead on input line 55.


LaTeX Font Warning: Font shape `T2A/lmtt/b/sl' undefined
(Font)              using `T2A/lmtt/b/it' instead on input line 55.


LaTeX Font Warning: Font shape `T2A/lmtt/b/scit' undefined
(Font)              using `T2A/lmtt/b/sc' instead on input line 55.


LaTeX Font Warning: Font shape `T2A/lmtt/b/sc' undefined
(Font)              using `T2A/lmtt/b/n' instead on input line 55.


LaTeX Font Warning: Font shape `T2A/lmtt/bx/sc' undefined
(Font)              using `T2A/lmtt/b/sc' instead on input line 55.


LaTeX Font Warning: Font shape `T2A/lmtt/bx/n' undefined
(Font)              using `T2A/lmtt/b/n' instead on input line 55.


LaTeX Font Warning: Font shape `T2A/lmtt/bx/it' undefined
(Font)              using `T2A/lmtt/b/it' instead on input line 55.


LaTeX Font Warning: Font shape `T2A/lmtt/b/sl' undefined
(Font)              using `T2A/lmtt/b/it' instead on input line 55.


LaTeX Font Warning: Font shape `T2A/lmtt/bx/it' undefined
(Font)              using `T2A/lmtt/b/it' instead on input line 55.


LaTeX Font Warning: Font shape `T2A/lmtt/b/scit' undefined
(Font)              using `T2A/lmtt/b/sc' instead on input line 55.


LaTeX Font Warning: Font shape `T2A/lmtt/sb/sc' undefined
(Font)              using `T2A/lmtt/b/sc' instead on input line 55.


LaTeX Font Warning: Font shape `T2A/lmtt/sb/n' undefined
(Font)              using `T2A/lmtt/b/n' instead on input line 55.


LaTeX Font Warning: Font shape `T2A/lmtt/sb/it' undefined
(Font)              using `T2A/lmtt/b/it' instead on input line 55.


LaTeX Font Warning: Font shape `T2A/lmtt/b/sl' undefined
(Font)              using `T2A/lmtt/b/it' instead on input line 55.


LaTeX Font Warning: Font shape `T2A/lmtt/sb/it' undefined
(Font)              using `T2A/lmtt/b/it' instead on input line 55.


LaTeX Font Warning: Font shape `T2A/lmtt/b/scit' undefined
(Font)              using `T2A/lmtt/b/sc' instead on input line 55.


LaTeX Font Warning: Font shape `T2A/lmtt/bc/sc' undefined
(Font)              using `T2A/lmtt/b/sc' instead on input line 55.


LaTeX Font Warning: Font shape `T2A/lmtt/bc/n' undefined
(Font)              using `T2A/lmtt/b/n' instead on input line 55.


LaTeX Font Warning: Font shape `T2A/lmtt/bc/it' undefined
(Font)              using `T2A/lmtt/b/it' instead on input line 55.


LaTeX Font Warning: Font shape `T2A/lmtt/b/sl' undefined
(Font)              using `T2A/lmtt/b/it' instead on input line 55.


LaTeX Font Warning: Font shape `T2A/lmtt/bc/it' undefined
(Font)              using `T2A/lmtt/b/it' instead on input line 55.


LaTeX Font Warning: Font shape `T2A/lmtt/b/scit' undefined
(Font)              using `T2A/lmtt/b/sc' instead on input line 55.


LaTeX Font Warning: Font shape `T2A/lmtt/l/n' undefined
(Font)              using `T2A/lmtt/m/n' instead on input line 55.


LaTeX Font Warning: Font shape `T2A/lmtt/l/it' undefined
(Font)              using `T2A/lmtt/l/n' instead on input line 55.


LaTeX Font Warning: Font shape `T2A/lmtt/l/sl' undefined
(Font)              using `T2A/lmtt/l/it' instead on input line 55.


LaTeX Font Warning: Font shape `T2A/lmtt/l/scit' undefined
(Font)              using `T2A/lmtt/l/sc' instead on input line 55.


LaTeX Font Warning: Font shape `T2A/lmtt/l/sc' undefined
(Font)              using `T2A/lmtt/l/n' instead on input line 55.


LaTeX Font Warning: Font shape `T2A/lmtt/m/ui' undefined
(Font)              using `T2A/lmtt/m/n' instead on input line 55.


LaTeX Font Warning: Font shape `T2A/lmtt/bx/ui' undefined
(Font)              using `T2A/lmtt/m/n' instead on input line 55.


LaTeX Font Warning: Font shape `T2A/lmtt/m/In' undefined
(Font)              using `T2A/lmtt/m/n' instead on input line 55.

Package hyperref Info: Link coloring OFF on input line 55.
(./main_ru.out) (./main_ru.out)
\@outlinefile=\write3
\openout3 = `main_ru.out'.


(/usr/share/texlive/texmf-dist/tex/context/base/mkii/supp-pdf.mkii
[Loading MPS to PDF converter (version 2006.09.02).]
\scratchcounter=\count320
\scratchdimen=\dimen190
\scratchbox=\box61
\nofMPsegments=\count321
\nofMParguments=\count322
\everyMPshowfont=\toks38
\MPscratchCnt=\count323
\MPscratchDim=\dimen191
\MPnumerator=\count324
\makeMPintoPDFobject=\count325
\everyMPtoPDFconversion=\toks39
)
\c@lstlisting=\count326
LaTeX Font Info:    Trying to load font information for OT1+lmr on input line 5
7.
 (/usr/share/texmf/tex/latex/lm/ot1lmr.fd
File: ot1lmr.fd 2015/05/01 v1.6.1 Font defs for Latin Modern
)
LaTeX Font Info:    Trying to load font information for OML+lmm on input line 5
7.

(/usr/share/texmf/tex/latex/lm/omllmm.fd
File: omllmm.fd 2015/05/01 v1.6.1 Font defs for Latin Modern
)
LaTeX Font Info:    Trying to load font information for OMS+lmsy on input line 
57.

(/usr/share/texmf/tex/latex/lm/omslmsy.fd
File: omslmsy.fd 2015/05/01 v1.6.1 Font defs for Latin Modern
)
LaTeX Font Info:    Trying to load font information for OMX+lmex on input line 
57.

(/usr/share/texmf/tex/latex/lm/omxlmex.fd
File: omxlmex.fd 2015/05/01 v1.6.1 Font defs for Latin Modern
)
LaTeX Font Info:    External font `lmex10' loaded for size
(Font)              <17.28> on input line 57.
LaTeX Font Info:    External font `lmex10' loaded for size
(Font)              <12> on input line 57.
LaTeX Font Info:    External font `lmex10' loaded for size
(Font)              <10> on input line 57.
LaTeX Font Info:    Trying to load font information for U+msa on input line 57.


(/usr/share/texlive/texmf-dist/tex/latex/amsfonts/umsa.fd
File: umsa.fd 2013/01/14 v3.01 AMS symbols A
)
(/usr/share/texlive/texmf-dist/tex/latex/microtype/mt-msa.cfg
File: mt-msa.cfg 2006/02/04 v1.1 microtype config. file: AMS symbols (a) (RS)
)
LaTeX Font Info:    Trying to load font information for U+msb on input line 57.


(/usr/share/texlive/texmf-dist/tex/latex/amsfonts/umsb.fd
File: umsb.fd 2013/01/14 v3.01 AMS symbols B
)
(/usr/share/texlive/texmf-dist/tex/latex/microtype/mt-msb.cfg
File: mt-msb.cfg 2005/06/01 v1.0 microtype config. file: AMS symbols (b) (RS)
)
LaTeX Font Info:    External font `lmex10' loaded for size
(Font)              <8> on input line 57.
LaTeX Font Info:    External font `lmex10' loaded for size
(Font)              <6> on input line 57.


LaTeX Font Warning: Font shape `T2A/lmr/bx/n' undefined
(Font)              using `T2A/lmr/m/n' instead on input line 61.

LaTeX Font Info:    External font `lmex10' loaded for size
(Font)              <7> on input line 69.
LaTeX Font Info:    External font `lmex10' loaded for size
(Font)              <5> on input line 69.
LaTeX Font Info:    External font `lmex10' loaded for size
(Font)              <10.95> on input line 111.


[1

{/var/lib/texmf/fonts/map/pdftex/updmap/pdftex.map}{/usr/share/texmf/fonts/enc/
dvips/lm/lm-mathit.enc}{/usr/share/texmf/fonts/enc/dvips/lm/lm-rm.enc}{/usr/sha
re/texmf/fonts/enc/dvips/lm/lm-mathsy.enc}]

LaTeX Font Warning: Font shape `T2A/lmr/m/it' undefined
(Font)              using `T2A/lmr/m/n' instead on input line 118.

LaTeX Font Info:    Trying to load font information for TS1+lmr on input line 1
59.
(/usr/share/texmf/tex/latex/lm/ts1lmr.fd
File: ts1lmr.fd 2015/05/01 v1.6.1 Font defs for Latin Modern
)

[2{/usr/share/texmf/fonts/enc/dvips/lm/lm-ts1.enc}]
LaTeX Font Info:    External font `lmex10' loaded for size
(Font)              <14.4> on input line 238.


Package hyperref Warning: Token not allowed in a PDF string (Unicode):
(hyperref)                removing `superscript' on input line 238.



[3]

Package hyperref Warning: Token not allowed in a PDF string (Unicode):
(hyperref)                removing `superscript' on input line 311.



[4{/usr/share/texmf/fonts/enc/dvips/lm/lm-mathex.enc}]
LaTeX Font Info:    External font `lmex10' loaded for size
(Font)              <9> on input line 373.


[5]

[6]

[7]
Underfull \hbox (badness 1331) in paragraph at lines 547--553
\T2A/lmr/m/it/10.95 ки master gHashTag/t27 и вет-ки main gHashTag/tt-trinity-ph
i 2026-05-31. В таб-ли-це
 []



[8]

[9]

[10]
Underfull \hbox (badness 10000) in paragraph at lines 790--790
[]|\T2A/lmr/bx/n/10 Лестница
 []


Underfull \hbox (badness 10000) in paragraph at lines 790--790
\T2A/lmr/bx/n/10 GoldenFloat
 []


Underfull \hbox (badness 10000) in paragraph at lines 790--790
[]|\T2A/lmr/bx/n/10 Takum
 []


Underfull \hbox (badness 10000) in paragraph at lines 790--790
\T2A/lmr/bx/n/10 (Hunhold
 []


Underfull \hbox (badness 10000) in paragraph at lines 790--790
[]|\T2A/lmr/bx/n/10 Статическое:
 []


Underfull \hbox (badness 10000) in paragraph at lines 790--790
\T2A/lmr/bx/n/10 ши-ри-ны по-
 []


Underfull \hbox (badness 10000) in paragraph at lines 790--790
\T2A/lmr/bx/n/10 лей по-ряд-ка
 []


Underfull \hbox (badness 10000) in paragraph at lines 790--790
\T2A/lmr/bx/n/10 и ман-тис-сы
 []


Underfull \hbox (badness 10000) in paragraph at lines 790--790
\T2A/lmr/bx/n/10 фик-си-ро-ва-ны
 []


Underfull \hbox (badness 10000) in paragraph at lines 790--790
\T2A/lmr/bx/n/10 для каж-дой
 []


Underfull \hbox (badness 10000) in paragraph at lines 790--790
\T2A/lmr/bx/n/10 сту-пе-ни за-
 []


Underfull \hbox (badness 10000) in paragraph at lines 790--790
\T2A/lmr/bx/n/10 мкну-тым
 []


Underfull \hbox (badness 10000) in paragraph at lines 790--790
[]\OT1/lmr/m/n/10 ((\OML/lmm/m/it/10 N \OMS/lmsy/m/n/10 ^^@
 []


Underfull \hbox (badness 10000) in paragraph at lines 790--790
\OT1/lmr/m/n/10 1)\OML/lmm/m/it/10 ='[]\OT1/lmr/m/n/10 )$\T2A/lmr/bx/n/10 ; не
 []


Underfull \hbox (badness 10000) in paragraph at lines 790--790
\T2A/lmr/bx/n/10 за-ви-сят от
 []


Underfull \hbox (badness 10000) in paragraph at lines 790--790
[]|\T2A/lmr/bx/n/10 Конусное
 []


Underfull \hbox (badness 1661) in paragraph at lines 790--790
\T2A/lmr/bx/n/10 ная во-гну-тая
 []


Underfull \hbox (badness 10000) in paragraph at lines 790--790
\T2A/lmr/bx/n/10 про-ек-ция
 []


Underfull \hbox (badness 10000) in paragraph at lines 790--790
\T2A/lmr/bx/n/10 отоб-ра-жа-ет
 []


Underfull \hbox (badness 10000) in paragraph at lines 790--790
\T2A/lmr/bx/n/10 пол-ный це-
 []


Underfull \hbox (badness 10000) in paragraph at lines 790--790
\T2A/lmr/bx/n/10 ло-чис-лен-ный
 []


Underfull \hbox (badness 10000) in paragraph at lines 790--790
\T2A/lmr/bx/n/10 диа-па-зон
 []


Underfull \hbox (badness 10000) in paragraph at lines 790--790
\T2A/lmr/bx/n/10 на ин-тер-вал
 []


Underfull \hbox (badness 3312) in paragraph at lines 790--790
\T2A/lmr/bx/n/10 мой; ши-ри-на
 []


Underfull \hbox (badness 10000) in paragraph at lines 790--790
\T2A/lmr/bx/n/10 ман-тис-сы
 []


Underfull \hbox (badness 10000) in paragraph at lines 790--790
\T2A/lmr/bx/n/10 ва-рьи-ру-ет-ся
 []


Underfull \hbox (badness 10000) in paragraph at lines 790--790
\T2A/lmr/bx/n/10 ное пра-ви-ло
 []


Underfull \hbox (badness 3179) in paragraph at lines 790--790
\OML/lmm/m/it/10 N \OMS/lmsy/m/n/10 7! \OT1/lmr/m/n/10 (\OML/lmm/m/it/10 e; f\O
T1/lmr/m/n/10 )$
 []


Underfull \hbox (badness 10000) in paragraph at lines 790--790
\T2A/lmr/bx/n/10 де-тер-ми-ни-
 []


Underfull \hbox (badness 10000) in paragraph at lines 790--790
\T2A/lmr/bx/n/10 ро-ва-но; нет
 []


Underfull \hbox (badness 10000) in paragraph at lines 790--790
\T2A/lmr/bx/n/10 по-эле-мент-но-
 []


Underfull \hbox (badness 3078) in paragraph at lines 790--790
\T2A/lmr/bx/n/10 го ветв-ле-ния
 []


Underfull \hbox (badness 10000) in paragraph at lines 790--790
\T2A/lmr/bx/n/10 на уровне
 []


Underfull \hbox (badness 1776) in paragraph at lines 790--790
[]|\T2A/lmr/bx/n/10 Да --- про-ек-
 []


Underfull \hbox (badness 10000) in paragraph at lines 790--790
\T2A/lmr/bx/n/10 это еди-ное
 []


Underfull \hbox (badness 10000) in paragraph at lines 790--790
\T2A/lmr/bx/n/10 ана-ли-ти-че-
 []


Underfull \hbox (badness 10000) in paragraph at lines 790--790
\T2A/lmr/bx/n/10 ское отоб-
 []


Underfull \hbox (badness 10000) in paragraph at lines 790--790
\T2A/lmr/bx/n/10 ра-же-ние,
 []


Underfull \hbox (badness 10000) in paragraph at lines 790--790
\T2A/lmr/bx/n/10 при-ме-ня-е-мое
 []


Underfull \hbox (badness 10000) in paragraph at lines 790--790
\T2A/lmr/bx/n/10 еди-но-об-раз-но
 []


Underfull \hbox (badness 10000) in paragraph at lines 790--790
\T2A/lmr/bx/n/10 к каж-до-му
 []


Underfull \hbox (badness 10000) in paragraph at lines 790--790
\OML/lmm/m/it/10 n$\T2A/lmr/bx/n/10 -битному
 []


Underfull \hbox (badness 10000) in paragraph at lines 790--790
[]|\T2A/lmr/bx/n/10 Золотое се-
 []


Underfull \hbox (badness 6608) in paragraph at lines 790--790
\T2A/lmr/bx/n/10 че-ние $\OML/lmm/m/it/10 ' \OT1/lmr/m/n/10 =
 []


Underfull \hbox (badness 10000) in paragraph at lines 790--790
\OT1/lmr/m/n/10 (1 + [])\OML/lmm/m/it/10 =\OT1/lmr/m/n/10 2$\T2A/lmr/bx/n/10 ;
 []


Underfull \hbox (badness 10000) in paragraph at lines 790--790
\T2A/lmr/bx/n/10 ши-ри-ны по-
 []


Underfull \hbox (badness 10000) in paragraph at lines 790--790
\T2A/lmr/bx/n/10 ля по-ряд-ка
 []


Underfull \hbox (badness 10000) in paragraph at lines 790--790
\T2A/lmr/bx/n/10 рас-тут как
 []


Underfull \hbox (badness 10000) in paragraph at lines 790--790
\T2A/lmr/bx/n/10 дро-би по-сле-
 []


Underfull \hbox (badness 10000) in paragraph at lines 790--790
\T2A/lmr/bx/n/10 до-ва-тель-ных
 []


Underfull \hbox (badness 10000) in paragraph at lines 790--790
\T2A/lmr/bx/n/10 чи-сел Фи-
 []


Underfull \hbox (badness 10000) in paragraph at lines 790--790
\T2A/lmr/bx/n/10 бо-нач-чи от
 []


Underfull \hbox (badness 10000) in paragraph at lines 790--790
\T2A/lmr/bx/n/10 пол-ной раз-
 []


Underfull \hbox (badness 10000) in paragraph at lines 790--790
\T2A/lmr/bx/n/10 ряд-но-сти
 []


Underfull \hbox (badness 10000) in paragraph at lines 790--790
[]|\T2A/lmr/bx/n/10 Основание
 []


Underfull \hbox (badness 10000) in paragraph at lines 790--790
\T2A/lmr/bx/n/10 на-ту-раль-но-го
 []


Underfull \hbox (badness 10000) in paragraph at lines 790--790
\T2A/lmr/bx/n/10 ло-га-риф-ма
 []


Underfull \hbox (badness 10000) in paragraph at lines 790--790
\OML/lmm/m/it/10 e$\T2A/lmr/bx/n/10 : takum ---
 []


Underfull \hbox (badness 10000) in paragraph at lines 790--790
\T2A/lmr/bx/n/10 ло-га-риф-ми-че-
 []


Underfull \hbox (badness 2012) in paragraph at lines 790--790
\T2A/lmr/bx/n/10 ский фор-мат
 []


Underfull \hbox (badness 10000) in paragraph at lines 790--790
\T2A/lmr/bx/n/10 ко-нус-ной
 []


Underfull \hbox (badness 10000) in paragraph at lines 790--790
\T2A/lmr/bx/n/10 ко-ди-ро-ван-
 []


Underfull \hbox (badness 3333) in paragraph at lines 790--790
\T2A/lmr/bx/n/10 ное зна-че-ние
 []


Underfull \hbox (badness 10000) in paragraph at lines 790--790
\T2A/lmr/bx/n/10 яв-ля-ет-ся
 []


Underfull \hbox (badness 10000) in paragraph at lines 790--790
\T2A/lmr/bx/n/10 функ-ци-ей
 []


Underfull \hbox (badness 10000) in paragraph at lines 790--790
[]\OT1/lmr/m/n/10 (\OML/lmm/m/it/10 x\OT1/lmr/m/n/10 )$\T2A/lmr/bx/n/10 , с по-

 []


Underfull \hbox (badness 1242) in paragraph at lines 790--790
\T2A/lmr/bx/n/10 ля-ми знак +
 []


Underfull \hbox (badness 1052) in paragraph at lines 790--790
\T2A/lmr/bx/n/10 ре-жим + ха-
 []


Underfull \hbox (badness 10000) in paragraph at lines 790--790
\T2A/lmr/bx/n/10 рак-те-ри-сти-ка
 []


Underfull \hbox (badness 10000) in paragraph at lines 790--790
\T2A/lmr/bx/n/10 + ман-тис-са
 []


Underfull \hbox (badness 10000) in paragraph at lines 790--790
\T2A/lmr/bx/n/10 (Hunhold
 []


Underfull \hbox (badness 10000) in paragraph at lines 790--790
[]|\T2A/lmr/bx/n/10 RTL-
 []


Underfull \hbox (badness 10000) in paragraph at lines 790--790
\T2A/lmr/bx/n/10 портфель
 []


Underfull \hbox (badness 10000) in paragraph at lines 790--790
\T2A/lmr/bx/n/10 су-ще-ству-ет
 []


Underfull \hbox (badness 10000) in paragraph at lines 790--790
\T2A/lmr/bx/n/10 (ис-прав-лен
 []


Underfull \hbox (badness 10000) in paragraph at lines 790--790
\T2A/lmr/bx/n/10 по-сле об-
 []


Underfull \hbox (badness 10000) in paragraph at lines 790--790
\T2A/lmr/bx/n/10 на-ру-же-ния
 []


Underfull \hbox (badness 10000) in paragraph at lines 790--790
\T2A/lmr/bx/n/10 де-фек-та
 []


Underfull \hbox (badness 10000) in paragraph at lines 790--790
\T2A/lmr/bx/n/10 умно-жи-те-ля
 []


Underfull \hbox (badness 10000) in paragraph at lines 790--790
\T2A/lmr/bx/n/10 в диф-фе-рен-
 []


Underfull \hbox (badness 10000) in paragraph at lines 790--790
\T2A/lmr/bx/n/10 ци-аль-ной
 []


Underfull \hbox (badness 2818) in paragraph at lines 790--790
\T2A/lmr/bx/n/10 про-гон-ке; см.
 []


Underfull \hbox (badness 10000) in paragraph at lines 790--790
\T2A/lmr/bx/n/10 раз-дел []5.5[]);
 []


Underfull \hbox (badness 10000) in paragraph at lines 790--790
\T2A/lmr/bx/n/10 ренне; нет
 []


Underfull \hbox (badness 10000) in paragraph at lines 790--790
\T2A/lmr/bx/n/10 про-шед-ше-го
 []


Underfull \hbox (badness 10000) in paragraph at lines 790--790
\T2A/lmr/bx/n/10 ре-цен-зи-
 []


Underfull \hbox (badness 10000) in paragraph at lines 790--790
\T2A/lmr/bx/n/10 ро-ва-ние
 []


Underfull \hbox (badness 10000) in paragraph at lines 790--790
\T2A/lmr/bx/n/10 крем-ни-е-во-го
 []


Underfull \hbox (badness 10000) in paragraph at lines 790--790
\T2A/lmr/bx/n/10 результаты
 []


Underfull \hbox (badness 10000) in paragraph at lines 790--790
\T2A/lmr/bx/n/10 про-шли ре-
 []


Underfull \hbox (badness 10000) in paragraph at lines 790--790
\T2A/lmr/bx/n/10 цен-зи-ро-ва-ние
 []


Underfull \hbox (badness 10000) in paragraph at lines 790--790
\T2A/lmr/bx/n/10 на ARITH
 []


Underfull \hbox (badness 10000) in paragraph at lines 790--790
\T2A/lmr/bx/n/10 2024/2025);
 []


Underfull \hbox (badness 10000) in paragraph at lines 790--790
\T2A/lmr/bx/n/10 крем-ний не
 []


Underfull \hbox (badness 10000) in paragraph at lines 790--790
[]|\T2A/lmr/bx/n/10 Отсутствует
 []


Underfull \hbox (badness 10000) in paragraph at lines 790--790
\T2A/lmr/bx/n/10 на мо-мент
 []


Underfull \hbox (badness 10000) in paragraph at lines 790--790
\T2A/lmr/bx/n/10 на-пи-са-ния.
 []


Underfull \hbox (badness 1097) in paragraph at lines 790--790
\T2A/lmr/bx/n/10 Это до-ку-мен-
 []


Underfull \hbox (badness 10000) in paragraph at lines 790--790
\T2A/lmr/bx/n/10 ти-ро-ван-ный
 []


Underfull \hbox (badness 10000) in paragraph at lines 790--790
\T2A/lmr/bx/n/10 от-кры-тый
 []


Underfull \hbox (badness 10000) in paragraph at lines 790--790
\T2A/lmr/bx/n/10 ARITH 2025
 []


Underfull \hbox (badness 10000) in paragraph at lines 790--790
\T2A/lmr/bx/n/10 охва-ты-ва-ет
 []


Underfull \hbox (badness 10000) in paragraph at lines 790--790
\T2A/lmr/bx/n/10 несколь-ко
 []


Underfull \hbox (badness 10000) in paragraph at lines 790--790
\T2A/lmr/bx/n/10 раз-ряд-но-стей
 []


Underfull \hbox (badness 10000) in paragraph at lines 790--790
\T2A/lmr/bx/n/10 под еди-ным
 []


Underfull \hbox (badness 10000) in paragraph at lines 790--790
\T2A/lmr/bx/n/10 пра-ви-лом с
 []


Underfull \hbox (badness 2846) in paragraph at lines 790--790
\T2A/lmr/bx/n/10 чис-ла-ми син-
 []


Underfull \hbox (badness 10000) in paragraph at lines 790--790
\T2A/lmr/bx/n/10 те-за FPGA.
 []


Underfull \hbox (badness 5878) in paragraph at lines 790--790
\T2A/lmr/bx/n/10 Это дей-ству-
 []


Underfull \hbox (badness 1748) in paragraph at lines 790--790
[]|\T2A/lmr/bx/n/10 GF со-об-ща-ет
 []


Underfull \hbox (badness 10000) in paragraph at lines 790--790
\T2A/lmr/bx/n/10 о точ-ном
 []


Underfull \hbox (badness 10000) in paragraph at lines 790--790
\T2A/lmr/bx/n/10 по Лю-ка
 []


Underfull \hbox (badness 10000) in paragraph at lines 790--790
\T2A/lmr/bx/n/10 ку-му-ля-то-ра:
 []


Underfull \hbox (badness 10000) in paragraph at lines 790--790
\OML/lmm/m/it/10 L[]$ \T2A/lmr/bx/n/10 ($\OML/lmm/m/it/10 n \OT1/lmr/m/n/10 =
 []


Underfull \hbox (badness 10000) in paragraph at lines 790--790
\T2A/lmr/bx/n/10 500 зна-ках;
 []


Underfull \hbox (badness 10000) in paragraph at lines 790--790
\T2A/lmr/bx/n/10 раз-дел []4[]).
 []


Underfull \hbox (badness 1360) in paragraph at lines 790--790
\T2A/lmr/bx/n/10 Это свой-ство
 []


Underfull \hbox (badness 10000) in paragraph at lines 790--790
\T2A/lmr/bx/n/10 спе-ци-фич-но
 []


Underfull \hbox (badness 10000) in paragraph at lines 790--790
\T2A/lmr/bx/n/10 для вы-бо-ра
 []


Underfull \hbox (badness 10000) in paragraph at lines 790--790
[]|\T2A/lmr/bx/n/10 Аналогичное
 []


Underfull \hbox (badness 10000) in paragraph at lines 790--790
\T2A/lmr/bx/n/10 целочисленно-
 []


Underfull \hbox (badness 10000) in paragraph at lines 790--790
\T2A/lmr/bx/n/10 точное тож-
 []


Underfull \hbox (badness 10000) in paragraph at lines 790--790
\T2A/lmr/bx/n/10 де-ство ак-
 []


Underfull \hbox (badness 10000) in paragraph at lines 790--790
\T2A/lmr/bx/n/10 ку-му-ля-то-ра
 []


Underfull \hbox (badness 10000) in paragraph at lines 790--790
\T2A/lmr/bx/n/10 не до-ку-мен-
 []


Underfull \hbox (badness 10000) in paragraph at lines 790--790
\T2A/lmr/bx/n/10 ти-ро-ва-но.
 []


Underfull \hbox (badness 10000) in paragraph at lines 790--790
\T2A/lmr/bx/n/10 От-сут-ствие
 []


Underfull \hbox (badness 10000) in paragraph at lines 790--790
\T2A/lmr/bx/n/10 не яв-ля-ет-ся
 []


Underfull \hbox (badness 10000) in paragraph at lines 790--790
\T2A/lmr/bx/n/10 де-фек-том;
 []


Underfull \hbox (badness 10000) in paragraph at lines 790--790
\T2A/lmr/bx/n/10 иную цель
 []


Underfull \hbox (badness 10000) in paragraph at lines 790--790
\T2A/lmr/bx/n/10 про-ек-ти-ро-ва-
 []


LaTeX Warning: Float too large for page by 448.34067pt on input line 791.



[11]
Underfull \hbox (badness 1337) in paragraph at lines 807--810
 []\T2A/lmr/m/it/10.95 OCP-MX.[] Rouhani и др. (2023) опре-де-ли-ли фор-ма-ты м
ик-ро-мас-шта-би-ро-ва-ния Open
 []



[12]

[13]

[14] (/usr/share/texlive/texmf-dist/tex/latex/listings/lstlang1.sty
File: lstlang1.sty 2024/09/23 1.10c listings language file
)

LaTeX Font Warning: Font shape `T2A/lmtt/bx/n' undefined
(Font)              using `T2A/lmtt/b/n' instead on input line 1020.


LaTeX Font Warning: Font shape `T2A/lmtt/bx/n' undefined
(Font)              using `T2A/lmtt/b/n' instead on input line 1020.


LaTeX Font Warning: Font shape `T2A/lmtt/bx/n' undefined
(Font)              using `T2A/lmtt/b/n' instead on input line 1021.


LaTeX Font Warning: Font shape `T2A/lmtt/bx/n' undefined
(Font)              using `T2A/lmtt/b/n' instead on input line 1021.


LaTeX Font Warning: Font shape `T2A/lmtt/bx/n' undefined
(Font)              using `T2A/lmtt/b/n' instead on input line 1021.


LaTeX Font Warning: Font shape `T2A/lmtt/bx/n' undefined
(Font)              using `T2A/lmtt/b/n' instead on input line 1023.


LaTeX Font Warning: Font shape `T2A/lmtt/bx/n' undefined
(Font)              using `T2A/lmtt/b/n' instead on input line 1025.


LaTeX Font Warning: Font shape `T2A/lmtt/bx/n' undefined
(Font)              using `T2A/lmtt/b/n' instead on input line 1025.


LaTeX Font Warning: Font shape `T2A/lmtt/bx/n' undefined
(Font)              using `T2A/lmtt/b/n' instead on input line 1025.


LaTeX Font Warning: Font shape `T2A/lmtt/bx/n' undefined
(Font)              using `T2A/lmtt/b/n' instead on input line 1027.


LaTeX Font Warning: Font shape `T2A/lmtt/bx/n' undefined
(Font)              using `T2A/lmtt/b/n' instead on input line 1029.


LaTeX Font Warning: Font shape `T2A/lmtt/bx/n' undefined
(Font)              using `T2A/lmtt/b/n' instead on input line 1036.


LaTeX Font Warning: Font shape `T2A/lmtt/bx/n' undefined
(Font)              using `T2A/lmtt/b/n' instead on input line 1036.


LaTeX Font Warning: Font shape `T2A/lmtt/bx/n' undefined
(Font)              using `T2A/lmtt/b/n' instead on input line 1036.


LaTeX Font Warning: Font shape `T2A/lmtt/bx/n' undefined
(Font)              using `T2A/lmtt/b/n' instead on input line 1039.


LaTeX Font Warning: Font shape `T2A/lmtt/bx/n' undefined
(Font)              using `T2A/lmtt/b/n' instead on input line 1040.


LaTeX Font Warning: Font shape `T2A/lmtt/bx/n' undefined
(Font)              using `T2A/lmtt/b/n' instead on input line 1041.


LaTeX Font Warning: Font shape `T2A/lmtt/bx/n' undefined
(Font)              using `T2A/lmtt/b/n' instead on input line 1044.


LaTeX Font Warning: Font shape `T2A/lmtt/bx/n' undefined
(Font)              using `T2A/lmtt/b/n' instead on input line 1046.


LaTeX Font Warning: Font shape `T2A/lmtt/bx/n' undefined
(Font)              using `T2A/lmtt/b/n' instead on input line 1046.


LaTeX Font Warning: Font shape `T2A/lmtt/bx/n' undefined
(Font)              using `T2A/lmtt/b/n' instead on input line 1046.


LaTeX Font Warning: Font shape `T2A/lmtt/bx/n' undefined
(Font)              using `T2A/lmtt/b/n' instead on input line 1047.



[15]

LaTeX Font Warning: Font shape `T2A/lmtt/bx/n' undefined
(Font)              using `T2A/lmtt/b/n' instead on input line 1049.


LaTeX Font Warning: Font shape `T2A/lmtt/bx/n' undefined
(Font)              using `T2A/lmtt/b/n' instead on input line 1050.


LaTeX Font Warning: Font shape `T2A/lmtt/bx/n' undefined
(Font)              using `T2A/lmtt/b/n' instead on input line 1051.


LaTeX Font Warning: Font shape `T2A/lmtt/bx/n' undefined
(Font)              using `T2A/lmtt/b/n' instead on input line 1052.


LaTeX Font Warning: Font shape `T2A/lmtt/bx/n' undefined
(Font)              using `T2A/lmtt/b/n' instead on input line 1052.


LaTeX Font Warning: Font shape `T2A/lmtt/bx/n' undefined
(Font)              using `T2A/lmtt/b/n' instead on input line 1052.


LaTeX Font Warning: Font shape `T2A/lmtt/bx/n' undefined
(Font)              using `T2A/lmtt/b/n' instead on input line 1054.


LaTeX Font Warning: Font shape `T2A/lmtt/bx/n' undefined
(Font)              using `T2A/lmtt/b/n' instead on input line 1055.


LaTeX Warning: `h' float specifier changed to `ht'.


LaTeX Warning: `h' float specifier changed to `ht'.


Underfull \hbox (badness 4819) in paragraph at lines 1156--1159
 []\T2A/lmr/m/it/10.95 Предрегистрированные по-ро-ги.[] Пусть $\OML/lmm/m/it/10
.95 R[] \OT1/lmr/m/n/10.95 = [][]\OML/lmm/m/it/10.95 =[][]$ \T2A/lmr/m/it/10.95
 и $\OML/lmm/m/it/10.95 R[] \OT1/lmr/m/n/10.95 =
 []



[16]

[17]

[18]
Underfull \hbox (badness 1715) in paragraph at lines 1339--1343
[]\T2A/lmr/m/it/10 I. Daubechies, C. S. Gunturk, Y. Wang, and O. Yilmaz, ``The 
Golden Ratio Encoder,''
 []


Underfull \hbox (badness 2591) in paragraph at lines 1339--1343
\T2A/lmr/m/it/10 IEEE Transactions on Information Theory, vol. 56, no. 10, pp. 
5097--5110, 2010. DOI
 []


Underfull \hbox (badness 1983) in paragraph at lines 1344--1346
[]\T2A/lmr/m/it/10 R. Ward, ``On robustness properties of beta encoders and gol
den ratio encoders,'' 2008.
 []



[19]
Underfull \hbox (badness 2503) in paragraph at lines 1384--1386
[]\T2A/lmr/m/it/10 B. D. Rouhani et al., ``Microscaling data formats for deep l
earning'' (OCP-MX), 2023.
 []


Underfull \hbox (badness 1303) in paragraph at lines 1387--1389
[]\T2A/lmr/m/it/10 J. Zhao et al., ``LNS-Madam: low-precision training in logar
ithmic number system,'' 2021.
 []



[20]

[21]

[22] (./main_ru.aux)
 ***********
LaTeX2e <2024-11-01> patch level 2
L3 programming layer <2025-01-18>
 ***********


LaTeX Font Warning: Some font shapes were not available, defaults substituted.

Package rerunfilecheck Info: File `main_ru.out' has not changed.
(rerunfilecheck)             Checksum: 63B6B4CEC374B1B5E8CE38E200988FA2;9935.
 ) 
Here is how much of TeX's memory you used:
 17523 strings out of 474652
 268532 string characters out of 5758085
 1117129 words of memory out of 5000000
 40099 multiletter control sequences out of 15000+600000
 607907 words of font info for 99 fonts, out of 8000000 for 9000
 430 hyphenation exceptions out of 8191
 75i,12n,79p,1606b,2157s stack positions out of 10000i,1000n,20000p,200000b,200000s
 </home/user/.texlive2025/texmf-var/fonts/pk/ljfour/lh/lh-t2a/larm0900.600pk>
 </home/user/.texlive2025/texmf-var/fonts/pk/ljfour/lh/lh-t2a/larm0600.600pk> <
/home/user/.texlive2025/texmf-var/fonts/pk/ljfour/lh/lh-t2a/larm0800.600pk> </h
ome/user/.texlive2025/texmf-var/fonts/pk/ljfour/lh/lh-t2a/larm1440.600pk> </hom
e/user/.texlive2025/texmf-var/fonts/pk/ljfour/lh/lh-t2a/larm1095.600pk> </home/
user/.texlive2025/texmf-var/fonts/pk/ljfour/lh/lh-t2a/larm1000.600pk> </home/us
er/.texlive2025/texmf-var/fonts/pk/ljfour/lh/lh-t2a/larm1200.600pk> </home/user
/.texlive2025/texmf-var/fonts/pk/ljfour/lh/lh-t2a/larm1728.600pk></usr/share/te
xmf/fonts/type1/public/lm/lmex10.pfb></usr/share/texmf/fonts/type1/public/lm/lm
mi10.pfb></usr/share/texmf/fonts/type1/public/lm/lmmi12.pfb></usr/share/texmf/f
onts/type1/public/lm/lmmi6.pfb></usr/share/texmf/fonts/type1/public/lm/lmmi7.pf
b></usr/share/texmf/fonts/type1/public/lm/lmmi8.pfb></usr/share/texmf/fonts/typ
e1/public/lm/lmmi9.pfb></usr/share/texmf/fonts/type1/public/lm/lmr10.pfb></usr/
share/texmf/fonts/type1/public/lm/lmr12.pfb></usr/share/texmf/fonts/type1/publi
c/lm/lmr6.pfb></usr/share/texmf/fonts/type1/public/lm/lmr7.pfb></usr/share/texm
f/fonts/type1/public/lm/lmr8.pfb></usr/share/texmf/fonts/type1/public/lm/lmr9.p
fb></usr/share/texmf/fonts/type1/public/lm/lmsy10.pfb></usr/share/texmf/fonts/t
ype1/public/lm/lmsy6.pfb></usr/share/texmf/fonts/type1/public/lm/lmsy7.pfb></us
r/share/texmf/fonts/type1/public/lm/lmsy8.pfb></usr/share/texmf/fonts/type1/pub
lic/lm/lmsy9.pfb></usr/share/texlive/texmf-dist/fonts/type1/public/amsfonts/sym
bols/msbm10.pfb>
Output written on main_ru.pdf (22 pages, 481868 bytes).
PDF statistics:
 1230 PDF objects out of 1440 (max. 8388607)
 549 compressed objects within 6 object streams
 202 named destinations out of 1000 (max. 500000)
 10993 words of extra memory for PDF output out of 12000 (max. 10000000)

